<?xml version="1.0" encoding="UTF-8"?>
<coverage generated="1615242516707" clover="3.2.0">
  <project timestamp="1615242516707" name="All files">
    <metrics statements="150" coveredstatements="138" conditionals="49" coveredconditionals="39" methods="55" coveredmethods="50" elements="254" coveredelements="227" complexity="0" loc="150" ncloc="150" packages="4" files="10" classes="10"/>
    <package name="src">
      <metrics statements="2" coveredstatements="2" conditionals="4" coveredconditionals="4" methods="1" coveredmethods="1"/>
      <file name="util.ts" path="/Users/mtiller/Source/arborglyph/src/util.ts">
        <metrics statements="2" coveredstatements="2" conditionals="4" coveredconditionals="4" methods="1" coveredmethods="1"/>
        <line num="6" count="2" type="stmt"/>
        <line num="7" count="101" type="stmt"/>
      </file>
    </package>
    <package name="src.attributes">
      <metrics statements="62" coveredstatements="56" conditionals="18" coveredconditionals="14" methods="25" coveredmethods="23"/>
      <file name="arborglyph.ts" path="/Users/mtiller/Source/arborglyph/src/attributes/arborglyph.ts">
        <metrics statements="25" coveredstatements="19" conditionals="13" coveredconditionals="10" methods="12" coveredmethods="10"/>
        <line num="3" count="1" type="stmt"/>
        <line num="4" count="1" type="stmt"/>
        <line num="9" count="1" type="stmt"/>
        <line num="23" count="1" type="stmt"/>
        <line num="30" count="15" type="stmt"/>
        <line num="31" count="15" type="cond" truecount="1" falsecount="0"/>
        <line num="43" count="4" type="stmt"/>
        <line num="49" count="4" type="stmt"/>
        <line num="59" count="1" type="stmt"/>
        <line num="65" count="1" type="stmt"/>
        <line num="77" count="4" type="stmt"/>
        <line num="83" count="4" type="stmt"/>
        <line num="87" count="3" type="stmt"/>
        <line num="91" count="19" type="stmt"/>
        <line num="95" count="1" type="stmt"/>
        <line num="97" count="1" type="stmt"/>
        <line num="99" count="0" type="stmt"/>
        <line num="116" count="0" type="stmt"/>
        <line num="117" count="0" type="stmt"/>
        <line num="118" count="0" type="stmt"/>
        <line num="119" count="0" type="stmt"/>
        <line num="120" count="0" type="stmt"/>
        <line num="139" count="9" type="stmt"/>
        <line num="141" count="9" type="stmt"/>
        <line num="145" count="9" type="stmt"/>
      </file>
      <file name="derived.ts" path="/Users/mtiller/Source/arborglyph/src/attributes/derived.ts">
        <metrics statements="6" coveredstatements="6" conditionals="0" coveredconditionals="0" methods="2" coveredmethods="2"/>
        <line num="3" count="1" type="stmt"/>
        <line num="43" count="1" type="stmt"/>
        <line num="49" count="1" type="stmt"/>
        <line num="51" count="4" type="stmt"/>
        <line num="52" count="4" type="stmt"/>
        <line num="55" count="1" type="stmt"/>
      </file>
      <file name="inherited.ts" path="/Users/mtiller/Source/arborglyph/src/attributes/inherited.ts">
        <metrics statements="8" coveredstatements="8" conditionals="0" coveredconditionals="0" methods="3" coveredmethods="3"/>
        <line num="4" count="1" type="stmt"/>
        <line num="42" count="1" type="stmt"/>
        <line num="48" count="4" type="stmt"/>
        <line num="49" count="19" type="stmt"/>
        <line num="50" count="19" type="stmt"/>
        <line num="51" count="19" type="stmt"/>
        <line num="52" count="19" type="stmt"/>
        <line num="54" count="4" type="stmt"/>
      </file>
      <file name="memoize.ts" path="/Users/mtiller/Source/arborglyph/src/attributes/memoize.ts">
        <metrics statements="10" coveredstatements="10" conditionals="3" coveredconditionals="3" methods="4" coveredmethods="4"/>
        <line num="1" count="1" type="stmt"/>
        <line num="15" count="1" type="stmt"/>
        <line num="19" count="9" type="cond" truecount="2" falsecount="0"/>
        <line num="20" count="1" type="stmt"/>
        <line num="21" count="2" type="stmt"/>
        <line num="23" count="1" type="stmt"/>
        <line num="25" count="8" type="stmt"/>
        <line num="26" count="8" type="stmt"/>
        <line num="27" count="54" type="stmt"/>
        <line num="29" count="8" type="stmt"/>
      </file>
      <file name="synthetic.ts" path="/Users/mtiller/Source/arborglyph/src/attributes/synthetic.ts">
        <metrics statements="13" coveredstatements="13" conditionals="2" coveredconditionals="1" methods="4" coveredmethods="4"/>
        <line num="3" count="1" type="stmt"/>
        <line num="42" count="1" type="stmt"/>
        <line num="52" count="4" type="stmt"/>
        <line num="53" count="4" type="stmt"/>
        <line num="54" count="16" type="stmt"/>
        <line num="55" count="16" type="stmt"/>
        <line num="57" count="23" type="stmt"/>
        <line num="58" count="16" type="stmt"/>
        <line num="59" count="8" type="stmt"/>
        <line num="60" count="8" type="cond" truecount="1" falsecount="1"/>
        <line num="61" count="8" type="stmt"/>
        <line num="63" count="16" type="stmt"/>
        <line num="65" count="4" type="stmt"/>
      </file>
    </package>
    <package name="src.maps">
      <metrics statements="43" coveredstatements="39" conditionals="15" coveredconditionals="11" methods="17" coveredmethods="14"/>
      <file name="puremap.ts" path="/Users/mtiller/Source/arborglyph/src/maps/puremap.ts">
        <metrics statements="15" coveredstatements="14" conditionals="8" coveredconditionals="5" methods="5" coveredmethods="5"/>
        <line num="1" count="2" type="stmt"/>
        <line num="7" count="2" type="stmt"/>
        <line num="9" count="35" type="stmt"/>
        <line num="21" count="54" type="cond" truecount="2" falsecount="0"/>
        <line num="22" count="17" type="stmt"/>
        <line num="29" count="17" type="stmt"/>
        <line num="41" count="308" type="cond" truecount="2" falsecount="0"/>
        <line num="42" count="1" type="stmt"/>
        <line num="43" count="307" type="stmt"/>
        <line num="54" count="37" type="stmt"/>
        <line num="55" count="37" type="stmt"/>
        <line num="66" count="92" type="cond" truecount="1" falsecount="1"/>
        <line num="67" count="0" type="cond" truecount="0" falsecount="2"/>
        <line num="69" count="92" type="stmt"/>
        <line num="70" count="92" type="stmt"/>
      </file>
      <file name="treemap.ts" path="/Users/mtiller/Source/arborglyph/src/maps/treemap.ts">
        <metrics statements="28" coveredstatements="25" conditionals="7" coveredconditionals="6" methods="12" coveredmethods="9"/>
        <line num="1" count="2" type="stmt"/>
        <line num="2" count="2" type="stmt"/>
        <line num="12" count="2" type="stmt"/>
        <line num="25" count="9" type="stmt"/>
        <line num="26" count="9" type="stmt"/>
        <line num="27" count="8" type="stmt"/>
        <line num="33" count="9" type="stmt"/>
        <line num="37" count="9" type="stmt"/>
        <line num="41" count="9" type="stmt"/>
        <line num="46" count="9" type="stmt"/>
        <line num="54" count="9" type="stmt"/>
        <line num="55" count="308" type="stmt"/>
        <line num="57" count="98" type="stmt"/>
        <line num="58" count="97" type="stmt"/>
        <line num="61" count="106" type="stmt"/>
        <line num="62" count="106" type="stmt"/>
        <line num="65" count="104" type="stmt"/>
        <line num="66" count="104" type="stmt"/>
        <line num="73" count="2" type="stmt"/>
        <line num="77" count="0" type="stmt"/>
        <line num="85" count="1" type="stmt"/>
        <line num="86" count="1" type="cond" truecount="1" falsecount="1"/>
        <line num="88" count="0" type="stmt"/>
        <line num="96" count="0" type="stmt"/>
        <line num="104" count="19" type="cond" truecount="2" falsecount="0"/>
        <line num="105" count="14" type="stmt"/>
        <line num="118" count="16" type="stmt"/>
        <line num="129" count="62" type="stmt"/>
      </file>
    </package>
    <package name="src.visitors">
      <metrics statements="43" coveredstatements="41" conditionals="12" coveredconditionals="10" methods="12" coveredmethods="12"/>
      <file name="generic.ts" path="/Users/mtiller/Source/arborglyph/src/visitors/generic.ts">
        <metrics statements="17" coveredstatements="16" conditionals="4" coveredconditionals="3" methods="7" coveredmethods="7"/>
        <line num="30" count="5" type="cond" truecount="1" falsecount="1"/>
        <line num="31" count="0" type="stmt"/>
        <line num="34" count="5" type="stmt"/>
        <line num="37" count="5" type="stmt"/>
        <line num="38" count="4" type="stmt"/>
        <line num="46" count="5" type="stmt"/>
        <line num="48" count="4" type="stmt"/>
        <line num="50" count="4" type="stmt"/>
        <line num="60" count="5" type="stmt"/>
        <line num="63" count="4" type="stmt"/>
        <line num="71" count="1" type="stmt"/>
        <line num="74" count="1" type="stmt"/>
        <line num="76" count="1" type="stmt"/>
        <line num="78" count="4" type="cond" truecount="1" falsecount="0"/>
        <line num="80" count="1" type="cond" truecount="1" falsecount="0"/>
        <line num="83" count="5" type="stmt"/>
        <line num="87" count="1" type="stmt"/>
      </file>
      <file name="object.ts" path="/Users/mtiller/Source/arborglyph/src/visitors/object.ts">
        <metrics statements="26" coveredstatements="25" conditionals="8" coveredconditionals="7" methods="5" coveredmethods="5"/>
        <line num="1" count="2" type="stmt"/>
        <line num="21" count="101" type="cond" truecount="1" falsecount="1"/>
        <line num="22" count="0" type="stmt"/>
        <line num="24" count="101" type="stmt"/>
        <line num="27" count="101" type="stmt"/>
        <line num="30" count="101" type="cond" truecount="2" falsecount="0"/>
        <line num="32" count="26" type="stmt"/>
        <line num="33" count="26" type="stmt"/>
        <line num="34" count="54" type="stmt"/>
        <line num="36" count="54" type="stmt"/>
        <line num="38" count="53" type="stmt"/>
        <line num="40" count="52" type="stmt"/>
        <line num="42" count="75" type="cond" truecount="2" falsecount="0"/>
        <line num="44" count="20" type="stmt"/>
        <line num="45" count="40" type="stmt"/>
        <line num="46" count="40" type="stmt"/>
        <line num="48" count="40" type="stmt"/>
        <line num="50" count="40" type="stmt"/>
        <line num="52" count="40" type="stmt"/>
        <line num="59" count="99" type="stmt"/>
        <line num="66" count="2" type="stmt"/>
        <line num="69" count="8" type="stmt"/>
        <line num="71" count="89" type="cond" truecount="1" falsecount="0"/>
        <line num="73" count="8" type="cond" truecount="1" falsecount="0"/>
        <line num="76" count="14" type="stmt"/>
        <line num="80" count="8" type="stmt"/>
      </file>
    </package>
  </project>
</coverage>
