{"/Users/mtiller/Source/arborglyph/src/util.ts": {"path":"/Users/mtiller/Source/arborglyph/src/util.ts","statementMap":{"0":{"start":{"line":7,"column":2},"end":{"line":11,"column":4}},"1":{"start":{"line":6,"column":0},"end":{"line":6,"column":16}}},"fnMap":{"0":{"name":"isObject","decl":{"start":{"line":6,"column":16},"end":{"line":6,"column":24}},"loc":{"start":{"line":6,"column":31},"end":{"line":12,"column":1}}}},"branchMap":{"0":{"loc":{"start":{"line":8,"column":5},"end":{"line":8,"column":26}},"type":"binary-expr","locations":[{"start":{"line":8,"column":5},"end":{"line":8,"column":26}},{"start":{"line":8,"column":30},"end":{"line":8,"column":53}},{"start":{"line":9,"column":4},"end":{"line":9,"column":14}},{"start":{"line":10,"column":4},"end":{"line":10,"column":21}}]}},"s":{"0":101,"1":2},"f":{"0":101},"b":{"0":[101,55,46,46]}}
,"/Users/mtiller/Source/arborglyph/src/attributes/arborglyph.ts": {"path":"/Users/mtiller/Source/arborglyph/src/attributes/arborglyph.ts","statementMap":{"0":{"start":{"line":3,"column":0},"end":{"line":3,"column":78}},"1":{"start":{"line":4,"column":0},"end":{"line":4,"column":null}},"2":{"start":{"line":9,"column":0},"end":{"line":9,"column":null}},"3":{"start":{"line":30,"column":14},"end":{"line":30,"column":30}},"4":{"start":{"line":31,"column":14},"end":{"line":31,"column":49}},"5":{"start":{"line":43,"column":17},"end":{"line":47,"column":null}},"6":{"start":{"line":49,"column":4},"end":{"line":49,"column":62}},"7":{"start":{"line":59,"column":17},"end":{"line":63,"column":null}},"8":{"start":{"line":65,"column":4},"end":{"line":65,"column":62}},"9":{"start":{"line":77,"column":17},"end":{"line":81,"column":null}},"10":{"start":{"line":83,"column":4},"end":{"line":83,"column":65}},"11":{"start":{"line":87,"column":4},"end":{"line":87,"column":49}},"12":{"start":{"line":91,"column":4},"end":{"line":91,"column":38}},"13":{"start":{"line":95,"column":4},"end":{"line":100,"column":9}},"14":{"start":{"line":97,"column":20},"end":{"line":97,"column":46}},"15":{"start":{"line":99,"column":8},"end":{"line":99,"column":69}},"16":{"start":{"line":116,"column":16},"end":{"line":116,"column":42}},"17":{"start":{"line":117,"column":4},"end":{"line":117,"column":60}},"18":{"start":{"line":118,"column":22},"end":{"line":118,"column":38}},"19":{"start":{"line":119,"column":4},"end":{"line":121,"column":null}},"20":{"start":{"line":120,"column":6},"end":{"line":120,"column":41}},"21":{"start":{"line":139,"column":4},"end":{"line":147,"column":6}},"22":{"start":{"line":141,"column":59},"end":{"line":144,"column":10}},"23":{"start":{"line":145,"column":8},"end":{"line":145,"column":42}},"24":{"start":{"line":23,"column":0},"end":{"line":23,"column":13}}},"fnMap":{"0":{"name":"(anonymous_0)","decl":{"start":{"line":29,"column":2},"end":{"line":29,"column":null}},"loc":{"start":{"line":31,"column":58},"end":{"line":32,"column":6}}},"1":{"name":"(anonymous_1)","decl":{"start":{"line":42,"column":2},"end":{"line":42,"column":11}},"loc":{"start":{"line":42,"column":76},"end":{"line":50,"column":3}}},"2":{"name":"(anonymous_2)","decl":{"start":{"line":58,"column":2},"end":{"line":58,"column":9}},"loc":{"start":{"line":58,"column":70},"end":{"line":66,"column":3}}},"3":{"name":"(anonymous_3)","decl":{"start":{"line":76,"column":2},"end":{"line":76,"column":11}},"loc":{"start":{"line":76,"column":76},"end":{"line":84,"column":3}}},"4":{"name":"(anonymous_4)","decl":{"start":{"line":86,"column":2},"end":{"line":86,"column":6}},"loc":{"start":{"line":86,"column":11},"end":{"line":88,"column":3}}},"5":{"name":"(anonymous_5)","decl":{"start":{"line":90,"column":2},"end":{"line":90,"column":7}},"loc":{"start":{"line":90,"column":47},"end":{"line":92,"column":3}}},"6":{"name":"(anonymous_6)","decl":{"start":{"line":94,"column":2},"end":{"line":94,"column":11}},"loc":{"start":{"line":94,"column":44},"end":{"line":101,"column":3}}},"7":{"name":"(anonymous_7)","decl":{"start":{"line":97,"column":11},"end":{"line":97,"column":12}},"loc":{"start":{"line":97,"column":20},"end":{"line":97,"column":46}}},"8":{"name":"(anonymous_8)","decl":{"start":{"line":98,"column":21},"end":{"line":98,"column":24}},"loc":{"start":{"line":98,"column":26},"end":{"line":100,"column":7}}},"9":{"name":"(anonymous_9)","decl":{"start":{"line":110,"column":2},"end":{"line":110,"column":7}},"loc":{"start":{"line":114,"column":25},"end":{"line":122,"column":3}}},"10":{"name":"(anonymous_10)","decl":{"start":{"line":134,"column":10},"end":{"line":134,"column":21}},"loc":{"start":{"line":137,"column":19},"end":{"line":148,"column":3}}},"11":{"name":"(anonymous_11)","decl":{"start":{"line":140,"column":13},"end":{"line":140,"column":32}},"loc":{"start":{"line":140,"column":40},"end":{"line":146,"column":7}}}},"branchMap":{"0":{"loc":{"start":{"line":31,"column":49},"end":{"line":31,"column":58}},"type":"default-arg","locations":[{"start":{"line":31,"column":49},"end":{"line":31,"column":58}}]},"1":{"loc":{"start":{"line":42,"column":74},"end":{"line":42,"column":76}},"type":"default-arg","locations":[{"start":{"line":42,"column":74},"end":{"line":42,"column":76}}]},"2":{"loc":{"start":{"line":47,"column":6},"end":{"line":47,"column":21}},"type":"binary-expr","locations":[{"start":{"line":47,"column":6},"end":{"line":47,"column":21}},{"start":{"line":47,"column":25},"end":{"line":47,"column":29}}]},"3":{"loc":{"start":{"line":58,"column":68},"end":{"line":58,"column":70}},"type":"default-arg","locations":[{"start":{"line":58,"column":68},"end":{"line":58,"column":70}}]},"4":{"loc":{"start":{"line":63,"column":6},"end":{"line":63,"column":21}},"type":"binary-expr","locations":[{"start":{"line":63,"column":6},"end":{"line":63,"column":21}},{"start":{"line":63,"column":25},"end":{"line":63,"column":29}}]},"5":{"loc":{"start":{"line":76,"column":74},"end":{"line":76,"column":76}},"type":"default-arg","locations":[{"start":{"line":76,"column":74},"end":{"line":76,"column":76}}]},"6":{"loc":{"start":{"line":81,"column":6},"end":{"line":81,"column":21}},"type":"binary-expr","locations":[{"start":{"line":81,"column":6},"end":{"line":81,"column":21}},{"start":{"line":81,"column":25},"end":{"line":81,"column":29}}]},"7":{"loc":{"start":{"line":112,"column":10},"end":{"line":112,"column":24}},"type":"default-arg","locations":[{"start":{"line":112,"column":10},"end":{"line":112,"column":24}}]},"8":{"loc":{"start":{"line":113,"column":22},"end":{"line":113,"column":24}},"type":"default-arg","locations":[{"start":{"line":113,"column":22},"end":{"line":113,"column":24}}]},"9":{"loc":{"start":{"line":114,"column":21},"end":{"line":114,"column":25}},"type":"default-arg","locations":[{"start":{"line":114,"column":21},"end":{"line":114,"column":25}}]}},"s":{"0":1,"1":1,"2":1,"3":15,"4":15,"5":4,"6":4,"7":1,"8":1,"9":4,"10":4,"11":3,"12":19,"13":1,"14":1,"15":0,"16":0,"17":0,"18":0,"19":0,"20":0,"21":9,"22":9,"23":9,"24":1},"f":{"0":15,"1":4,"2":1,"3":4,"4":3,"5":19,"6":1,"7":1,"8":0,"9":0,"10":9,"11":9},"b":{"0":[6],"1":[4],"2":[4,4],"3":[1],"4":[1,1],"5":[2],"6":[4,2],"7":[0],"8":[0],"9":[0]}}
,"/Users/mtiller/Source/arborglyph/src/attributes/derived.ts": {"path":"/Users/mtiller/Source/arborglyph/src/attributes/derived.ts","statementMap":{"0":{"start":{"line":3,"column":0},"end":{"line":3,"column":45}},"1":{"start":{"line":49,"column":14},"end":{"line":53,"column":null}},"2":{"start":{"line":51,"column":19},"end":{"line":51,"column":33}},"3":{"start":{"line":52,"column":6},"end":{"line":52,"column":44}},"4":{"start":{"line":55,"column":2},"end":{"line":55,"column":13}},"5":{"start":{"line":43,"column":0},"end":{"line":43,"column":16}}},"fnMap":{"0":{"name":"derivedAttribute","decl":{"start":{"line":43,"column":16},"end":{"line":43,"column":32}},"loc":{"start":{"line":47,"column":18},"end":{"line":56,"column":1}}},"1":{"name":"(anonymous_1)","decl":{"start":{"line":50,"column":4},"end":{"line":50,"column":5}},"loc":{"start":{"line":50,"column":23},"end":{"line":53,"column":5}}}},"branchMap":{},"s":{"0":1,"1":1,"2":4,"3":4,"4":1,"5":1},"f":{"0":1,"1":4},"b":{}}
,"/Users/mtiller/Source/arborglyph/src/attributes/inherited.ts": {"path":"/Users/mtiller/Source/arborglyph/src/attributes/inherited.ts","statementMap":{"0":{"start":{"line":4,"column":0},"end":{"line":4,"column":45}},"1":{"start":{"line":48,"column":14},"end":{"line":53,"column":13}},"2":{"start":{"line":49,"column":17},"end":{"line":49,"column":30}},"3":{"start":{"line":50,"column":21},"end":{"line":50,"column":36}},"4":{"start":{"line":51,"column":24},"end":{"line":51,"column":51}},"5":{"start":{"line":51,"column":44},"end":{"line":51,"column":50}},"6":{"start":{"line":52,"column":4},"end":{"line":52,"column":65}},"7":{"start":{"line":54,"column":2},"end":{"line":54,"column":13}},"8":{"start":{"line":42,"column":0},"end":{"line":42,"column":16}}},"fnMap":{"0":{"name":"inheritedAttribute","decl":{"start":{"line":42,"column":16},"end":{"line":42,"column":34}},"loc":{"start":{"line":46,"column":18},"end":{"line":55,"column":1}}},"1":{"name":"(anonymous_1)","decl":{"start":{"line":48,"column":31},"end":{"line":48,"column":32}},"loc":{"start":{"line":48,"column":50},"end":{"line":53,"column":3}}},"2":{"name":"(anonymous_2)","decl":{"start":{"line":51,"column":37},"end":{"line":51,"column":38}},"loc":{"start":{"line":51,"column":44},"end":{"line":51,"column":50}}}},"branchMap":{},"s":{"0":1,"1":4,"2":19,"3":19,"4":19,"5":14,"6":19,"7":4,"8":1},"f":{"0":4,"1":19,"2":14},"b":{}}
,"/Users/mtiller/Source/arborglyph/src/attributes/memoize.ts": {"path":"/Users/mtiller/Source/arborglyph/src/attributes/memoize.ts","statementMap":{"0":{"start":{"line":1,"column":0},"end":{"line":1,"column":42}},"1":{"start":{"line":19,"column":2},"end":{"line":30,"column":null}},"2":{"start":{"line":20,"column":16},"end":{"line":22,"column":5}},"3":{"start":{"line":21,"column":6},"end":{"line":21,"column":18}},"4":{"start":{"line":23,"column":4},"end":{"line":23,"column":15}},"5":{"start":{"line":25,"column":16},"end":{"line":25,"column":40}},"6":{"start":{"line":26,"column":16},"end":{"line":28,"column":5}},"7":{"start":{"line":27,"column":6},"end":{"line":27,"column":70}},"8":{"start":{"line":27,"column":49},"end":{"line":27,"column":68}},"9":{"start":{"line":29,"column":4},"end":{"line":29,"column":15}},"10":{"start":{"line":15,"column":0},"end":{"line":15,"column":16}}},"fnMap":{"0":{"name":"memoizeEvaluator","decl":{"start":{"line":15,"column":16},"end":{"line":15,"column":32}},"loc":{"start":{"line":17,"column":25},"end":{"line":31,"column":1}}},"1":{"name":"(anonymous_1)","decl":{"start":{"line":20,"column":16},"end":{"line":20,"column":26}},"loc":{"start":{"line":20,"column":35},"end":{"line":22,"column":5}}},"2":{"name":"(anonymous_2)","decl":{"start":{"line":26,"column":16},"end":{"line":26,"column":26}},"loc":{"start":{"line":26,"column":35},"end":{"line":28,"column":5}}},"3":{"name":"(anonymous_3)","decl":{"start":{"line":27,"column":43},"end":{"line":27,"column":46}},"loc":{"start":{"line":27,"column":49},"end":{"line":27,"column":68}}}},"branchMap":{"0":{"loc":{"start":{"line":17,"column":21},"end":{"line":17,"column":25}},"type":"default-arg","locations":[{"start":{"line":17,"column":21},"end":{"line":17,"column":25}}]},"1":{"loc":{"start":{"line":19,"column":2},"end":{"line":30,"column":null}},"type":"if","locations":[{"start":{"line":19,"column":2},"end":{"line":30,"column":null}},{"start":{"line":19,"column":2},"end":{"line":30,"column":null}}]}},"s":{"0":1,"1":9,"2":1,"3":2,"4":1,"5":8,"6":8,"7":54,"8":37,"9":8,"10":1},"f":{"0":9,"1":2,"2":54,"3":37},"b":{"0":[1],"1":[1,8]}}
,"/Users/mtiller/Source/arborglyph/src/attributes/synthetic.ts": {"path":"/Users/mtiller/Source/arborglyph/src/attributes/synthetic.ts","statementMap":{"0":{"start":{"line":3,"column":0},"end":{"line":3,"column":45}},"1":{"start":{"line":52,"column":49},"end":{"line":52,"column":57}},"2":{"start":{"line":53,"column":14},"end":{"line":64,"column":13}},"3":{"start":{"line":54,"column":17},"end":{"line":54,"column":31}},"4":{"start":{"line":55,"column":21},"end":{"line":55,"column":39}},"5":{"start":{"line":57,"column":23},"end":{"line":57,"column":56}},"6":{"start":{"line":57,"column":43},"end":{"line":57,"column":55}},"7":{"start":{"line":58,"column":23},"end":{"line":62,"column":5}},"8":{"start":{"line":59,"column":18},"end":{"line":59,"column":39}},"9":{"start":{"line":60,"column":6},"end":{"line":60,"column":75}},"10":{"start":{"line":60,"column":22},"end":{"line":60,"column":75}},"11":{"start":{"line":61,"column":6},"end":{"line":61,"column":32}},"12":{"start":{"line":63,"column":4},"end":{"line":63,"column":64}},"13":{"start":{"line":65,"column":2},"end":{"line":65,"column":13}},"14":{"start":{"line":42,"column":0},"end":{"line":42,"column":16}}},"fnMap":{"0":{"name":"syntheticAttribute","decl":{"start":{"line":42,"column":16},"end":{"line":42,"column":34}},"loc":{"start":{"line":46,"column":18},"end":{"line":66,"column":1}}},"1":{"name":"(anonymous_1)","decl":{"start":{"line":53,"column":31},"end":{"line":53,"column":32}},"loc":{"start":{"line":53,"column":50},"end":{"line":64,"column":3}}},"2":{"name":"(anonymous_2)","decl":{"start":{"line":57,"column":36},"end":{"line":57,"column":37}},"loc":{"start":{"line":57,"column":43},"end":{"line":57,"column":55}}},"3":{"name":"(anonymous_3)","decl":{"start":{"line":58,"column":23},"end":{"line":58,"column":24}},"loc":{"start":{"line":58,"column":35},"end":{"line":62,"column":5}}}},"branchMap":{"0":{"loc":{"start":{"line":60,"column":6},"end":{"line":60,"column":75}},"type":"if","locations":[{"start":{"line":60,"column":6},"end":{"line":60,"column":75}},{"start":{"line":60,"column":6},"end":{"line":60,"column":75}}]}},"s":{"0":1,"1":4,"2":4,"3":16,"4":16,"5":16,"6":23,"7":16,"8":8,"9":8,"10":0,"11":8,"12":16,"13":4,"14":1},"f":{"0":4,"1":16,"2":23,"3":8},"b":{"0":[0,8]}}
,"/Users/mtiller/Source/arborglyph/src/maps/puremap.ts": {"path":"/Users/mtiller/Source/arborglyph/src/maps/puremap.ts","statementMap":{"0":{"start":{"line":1,"column":0},"end":{"line":1,"column":49}},"1":{"start":{"line":9,"column":4},"end":{"line":9,"column":19}},"2":{"start":{"line":21,"column":4},"end":{"line":21,"column":37}},"3":{"start":{"line":21,"column":22},"end":{"line":21,"column":37}},"4":{"start":{"line":22,"column":16},"end":{"line":22,"column":27}},"5":{"start":{"line":29,"column":4},"end":{"line":29,"column":26}},"6":{"start":{"line":41,"column":4},"end":{"line":42,"column":68}},"7":{"start":{"line":42,"column":6},"end":{"line":42,"column":68}},"8":{"start":{"line":43,"column":4},"end":{"line":43,"column":26}},"9":{"start":{"line":54,"column":4},"end":{"line":54,"column":19}},"10":{"start":{"line":55,"column":4},"end":{"line":55,"column":13}},"11":{"start":{"line":66,"column":4},"end":{"line":68,"column":null}},"12":{"start":{"line":67,"column":6},"end":{"line":67,"column":59}},"13":{"start":{"line":69,"column":16},"end":{"line":69,"column":27}},"14":{"start":{"line":70,"column":4},"end":{"line":70,"column":20}},"15":{"start":{"line":7,"column":0},"end":{"line":7,"column":13}}},"fnMap":{"0":{"name":"(anonymous_0)","decl":{"start":{"line":8,"column":2},"end":{"line":8,"column":14}},"loc":{"start":{"line":8,"column":59},"end":{"line":10,"column":3}}},"1":{"name":"(anonymous_1)","decl":{"start":{"line":20,"column":2},"end":{"line":20,"column":10}},"loc":{"start":{"line":20,"column":15},"end":{"line":30,"column":3}}},"2":{"name":"(anonymous_2)","decl":{"start":{"line":40,"column":2},"end":{"line":40,"column":10}},"loc":{"start":{"line":40,"column":21},"end":{"line":44,"column":3}}},"3":{"name":"(anonymous_3)","decl":{"start":{"line":53,"column":2},"end":{"line":53,"column":8}},"loc":{"start":{"line":53,"column":19},"end":{"line":56,"column":3}}},"4":{"name":"(anonymous_4)","decl":{"start":{"line":65,"column":2},"end":{"line":65,"column":9}},"loc":{"start":{"line":65,"column":25},"end":{"line":71,"column":3}}}},"branchMap":{"0":{"loc":{"start":{"line":21,"column":4},"end":{"line":21,"column":37}},"type":"if","locations":[{"start":{"line":21,"column":4},"end":{"line":21,"column":37}},{"start":{"line":21,"column":4},"end":{"line":21,"column":37}}]},"1":{"loc":{"start":{"line":41,"column":4},"end":{"line":42,"column":68}},"type":"if","locations":[{"start":{"line":41,"column":4},"end":{"line":42,"column":68}},{"start":{"line":41,"column":4},"end":{"line":42,"column":68}}]},"2":{"loc":{"start":{"line":66,"column":4},"end":{"line":68,"column":null}},"type":"if","locations":[{"start":{"line":66,"column":4},"end":{"line":68,"column":null}},{"start":{"line":66,"column":4},"end":{"line":68,"column":null}}]},"3":{"loc":{"start":{"line":67,"column":12},"end":{"line":67,"column":13}},"type":"binary-expr","locations":[{"start":{"line":67,"column":12},"end":{"line":67,"column":13}},{"start":{"line":67,"column":17},"end":{"line":67,"column":58}}]}},"s":{"0":2,"1":35,"2":54,"3":37,"4":17,"5":17,"6":308,"7":1,"8":307,"9":37,"10":37,"11":92,"12":0,"13":92,"14":92,"15":2},"f":{"0":35,"1":54,"2":308,"3":37,"4":92},"b":{"0":[37,17],"1":[1,307],"2":[0,92],"3":[0,0]}}
,"/Users/mtiller/Source/arborglyph/src/maps/treemap.ts": {"path":"/Users/mtiller/Source/arborglyph/src/maps/treemap.ts","statementMap":{"0":{"start":{"line":1,"column":0},"end":{"line":1,"column":55}},"1":{"start":{"line":2,"column":0},"end":{"line":2,"column":36}},"2":{"start":{"line":46,"column":34},"end":{"line":46,"column":57}},"3":{"start":{"line":33,"column":12},"end":{"line":33,"column":54}},"4":{"start":{"line":37,"column":12},"end":{"line":37,"column":55}},"5":{"start":{"line":41,"column":12},"end":{"line":41,"column":47}},"6":{"start":{"line":25,"column":16},"end":{"line":25,"column":39}},"7":{"start":{"line":26,"column":4},"end":{"line":26,"column":25}},"8":{"start":{"line":27,"column":4},"end":{"line":27,"column":15}},"9":{"start":{"line":54,"column":4},"end":{"line":69,"column":7}},"10":{"start":{"line":55,"column":6},"end":{"line":68,"column":null}},"11":{"start":{"line":57,"column":10},"end":{"line":57,"column":58}},"12":{"start":{"line":58,"column":10},"end":{"line":58,"column":16}},"13":{"start":{"line":61,"column":10},"end":{"line":61,"column":54}},"14":{"start":{"line":62,"column":10},"end":{"line":62,"column":16}},"15":{"start":{"line":65,"column":10},"end":{"line":65,"column":59}},"16":{"start":{"line":66,"column":10},"end":{"line":66,"column":16}},"17":{"start":{"line":73,"column":4},"end":{"line":73,"column":31}},"18":{"start":{"line":77,"column":4},"end":{"line":77,"column":29}},"19":{"start":{"line":85,"column":4},"end":{"line":87,"column":null}},"20":{"start":{"line":86,"column":6},"end":{"line":86,"column":38}},"21":{"start":{"line":86,"column":22},"end":{"line":86,"column":38}},"22":{"start":{"line":88,"column":4},"end":{"line":88,"column":19}},"23":{"start":{"line":96,"column":4},"end":{"line":96,"column":51}},"24":{"start":{"line":96,"column":37},"end":{"line":96,"column":49}},"25":{"start":{"line":104,"column":4},"end":{"line":104,"column":48}},"26":{"start":{"line":104,"column":33},"end":{"line":104,"column":48}},"27":{"start":{"line":105,"column":4},"end":{"line":110,"column":6}},"28":{"start":{"line":118,"column":4},"end":{"line":121,"column":6}},"29":{"start":{"line":129,"column":4},"end":{"line":132,"column":6}},"30":{"start":{"line":12,"column":0},"end":{"line":12,"column":13}}},"fnMap":{"0":{"name":"(anonymous_0)","decl":{"start":{"line":46,"column":2},"end":{"line":46,"column":34}},"loc":{"start":{"line":46,"column":57},"end":{"line":46,"column":61}}},"1":{"name":"(anonymous_1)","decl":{"start":{"line":24,"column":2},"end":{"line":24,"column":8}},"loc":{"start":{"line":24,"column":48},"end":{"line":28,"column":3}}},"2":{"name":"(anonymous_2)","decl":{"start":{"line":53,"column":12},"end":{"line":53,"column":20}},"loc":{"start":{"line":53,"column":20},"end":{"line":70,"column":3}}},"3":{"name":"(anonymous_3)","decl":{"start":{"line":54,"column":29},"end":{"line":54,"column":30}},"loc":{"start":{"line":54,"column":39},"end":{"line":69,"column":5}}},"4":{"name":"(anonymous_4)","decl":{"start":{"line":72,"column":2},"end":{"line":72,"column":6}},"loc":{"start":{"line":72,"column":9},"end":{"line":74,"column":3}}},"5":{"name":"(anonymous_5)","decl":{"start":{"line":76,"column":2},"end":{"line":76,"column":6}},"loc":{"start":{"line":76,"column":10},"end":{"line":78,"column":3}}},"6":{"name":"(anonymous_6)","decl":{"start":{"line":84,"column":2},"end":{"line":84,"column":6}},"loc":{"start":{"line":84,"column":11},"end":{"line":89,"column":3}}},"7":{"name":"(anonymous_7)","decl":{"start":{"line":95,"column":2},"end":{"line":95,"column":12}},"loc":{"start":{"line":95,"column":22},"end":{"line":97,"column":3}}},"8":{"name":"(anonymous_8)","decl":{"start":{"line":96,"column":30},"end":{"line":96,"column":31}},"loc":{"start":{"line":96,"column":37},"end":{"line":96,"column":49}}},"9":{"name":"(anonymous_9)","decl":{"start":{"line":103,"column":2},"end":{"line":103,"column":8}},"loc":{"start":{"line":103,"column":18},"end":{"line":111,"column":3}}},"10":{"name":"(anonymous_10)","decl":{"start":{"line":117,"column":2},"end":{"line":117,"column":10}},"loc":{"start":{"line":117,"column":20},"end":{"line":122,"column":3}}},"11":{"name":"(anonymous_11)","decl":{"start":{"line":128,"column":2},"end":{"line":128,"column":6}},"loc":{"start":{"line":128,"column":16},"end":{"line":133,"column":3}}}},"branchMap":{"0":{"loc":{"start":{"line":56,"column":8},"end":{"line":59,"column":null}},"type":"switch","locations":[{"start":{"line":56,"column":8},"end":{"line":59,"column":null}},{"start":{"line":60,"column":8},"end":{"line":63,"column":null}},{"start":{"line":64,"column":8},"end":{"line":67,"column":null}}]},"1":{"loc":{"start":{"line":86,"column":6},"end":{"line":86,"column":38}},"type":"if","locations":[{"start":{"line":86,"column":6},"end":{"line":86,"column":38}},{"start":{"line":86,"column":6},"end":{"line":86,"column":38}}]},"2":{"loc":{"start":{"line":104,"column":4},"end":{"line":104,"column":48}},"type":"if","locations":[{"start":{"line":104,"column":4},"end":{"line":104,"column":48}},{"start":{"line":104,"column":4},"end":{"line":104,"column":48}}]}},"s":{"0":2,"1":2,"2":9,"3":9,"4":9,"5":9,"6":9,"7":9,"8":8,"9":9,"10":308,"11":98,"12":97,"13":106,"14":106,"15":104,"16":104,"17":2,"18":0,"19":1,"20":1,"21":1,"22":0,"23":0,"24":0,"25":19,"26":5,"27":14,"28":16,"29":62,"30":2},"f":{"0":9,"1":9,"2":9,"3":308,"4":2,"5":0,"6":1,"7":0,"8":0,"9":19,"10":16,"11":62},"b":{"0":[98,106,104],"1":[1,0],"2":[5,14]}}
,"/Users/mtiller/Source/arborglyph/src/visitors/generic.ts": {"path":"/Users/mtiller/Source/arborglyph/src/visitors/generic.ts","statementMap":{"0":{"start":{"line":30,"column":2},"end":{"line":31,"column":65}},"1":{"start":{"line":31,"column":4},"end":{"line":31,"column":65}},"2":{"start":{"line":34,"column":2},"end":{"line":34,"column":47}},"3":{"start":{"line":37,"column":19},"end":{"line":42,"column":null}},"4":{"start":{"line":38,"column":29},"end":{"line":42,"column":6}},"5":{"start":{"line":46,"column":2},"end":{"line":58,"column":null}},"6":{"start":{"line":48,"column":4},"end":{"line":48,"column":57}},"7":{"start":{"line":50,"column":4},"end":{"line":57,"column":6}},"8":{"start":{"line":60,"column":2},"end":{"line":64,"column":5}},"9":{"start":{"line":63,"column":34},"end":{"line":63,"column":43}},"10":{"start":{"line":78,"column":48},"end":{"line":78,"column":68}},"11":{"start":{"line":74,"column":14},"end":{"line":74,"column":25}},"12":{"start":{"line":76,"column":14},"end":{"line":76,"column":40}},"13":{"start":{"line":78,"column":14},"end":{"line":78,"column":29}},"14":{"start":{"line":80,"column":14},"end":{"line":80,"column":33}},"15":{"start":{"line":83,"column":4},"end":{"line":83,"column":25}},"16":{"start":{"line":87,"column":4},"end":{"line":96,"column":6}},"17":{"start":{"line":71,"column":0},"end":{"line":71,"column":13}}},"fnMap":{"0":{"name":"walkGeneric","decl":{"start":{"line":21,"column":9},"end":{"line":21,"column":20}},"loc":{"start":{"line":27,"column":14},"end":{"line":65,"column":1}}},"1":{"name":"(anonymous_1)","decl":{"start":{"line":38,"column":4},"end":{"line":38,"column":5}},"loc":{"start":{"line":38,"column":29},"end":{"line":42,"column":6}}},"2":{"name":"(anonymous_2)","decl":{"start":{"line":63,"column":27},"end":{"line":63,"column":28}},"loc":{"start":{"line":63,"column":34},"end":{"line":63,"column":43}}},"3":{"name":"(anonymous_3)","decl":{"start":{"line":72,"column":2},"end":{"line":72,"column":null}},"loc":{"start":{"line":80,"column":36},"end":{"line":81,"column":6}}},"4":{"name":"(anonymous_4)","decl":{"start":{"line":78,"column":29},"end":{"line":78,"column":30}},"loc":{"start":{"line":78,"column":48},"end":{"line":78,"column":68}}},"5":{"name":"(anonymous_5)","decl":{"start":{"line":82,"column":2},"end":{"line":82,"column":6}},"loc":{"start":{"line":82,"column":10},"end":{"line":84,"column":3}}},"6":{"name":"(anonymous_6)","decl":{"start":{"line":86,"column":2},"end":{"line":86,"column":6}},"loc":{"start":{"line":86,"column":32},"end":{"line":97,"column":3}}}},"branchMap":{"0":{"loc":{"start":{"line":30,"column":2},"end":{"line":31,"column":65}},"type":"if","locations":[{"start":{"line":30,"column":2},"end":{"line":31,"column":65}},{"start":{"line":30,"column":2},"end":{"line":31,"column":65}}]},"1":{"loc":{"start":{"line":78,"column":29},"end":{"line":78,"column":68}},"type":"default-arg","locations":[{"start":{"line":78,"column":29},"end":{"line":78,"column":68}}]},"2":{"loc":{"start":{"line":80,"column":33},"end":{"line":80,"column":36}},"type":"default-arg","locations":[{"start":{"line":80,"column":33},"end":{"line":80,"column":36}}]}},"s":{"0":5,"1":0,"2":5,"3":5,"4":4,"5":5,"6":4,"7":4,"8":5,"9":4,"10":4,"11":1,"12":1,"13":1,"14":1,"15":5,"16":1,"17":1},"f":{"0":5,"1":4,"2":4,"3":1,"4":4,"5":5,"6":1},"b":{"0":[0,5],"1":[1],"2":[1]}}
,"/Users/mtiller/Source/arborglyph/src/visitors/object.ts": {"path":"/Users/mtiller/Source/arborglyph/src/visitors/object.ts","statementMap":{"0":{"start":{"line":1,"column":0},"end":{"line":1,"column":35}},"1":{"start":{"line":21,"column":2},"end":{"line":22,"column":65}},"2":{"start":{"line":22,"column":4},"end":{"line":22,"column":65}},"3":{"start":{"line":24,"column":2},"end":{"line":24,"column":47}},"4":{"start":{"line":27,"column":29},"end":{"line":27,"column":31}},"5":{"start":{"line":30,"column":2},"end":{"line":56,"column":null}},"6":{"start":{"line":32,"column":20},"end":{"line":32,"column":44}},"7":{"start":{"line":33,"column":4},"end":{"line":41,"column":null}},"8":{"start":{"line":34,"column":22},"end":{"line":34,"column":36}},"9":{"start":{"line":36,"column":6},"end":{"line":36,"column":59}},"10":{"start":{"line":38,"column":6},"end":{"line":38,"column":77}},"11":{"start":{"line":40,"column":6},"end":{"line":40,"column":29}},"12":{"start":{"line":42,"column":9},"end":{"line":56,"column":null}},"13":{"start":{"line":44,"column":4},"end":{"line":53,"column":null}},"14":{"start":{"line":44,"column":17},"end":{"line":44,"column":18}},"15":{"start":{"line":45,"column":20},"end":{"line":45,"column":26}},"16":{"start":{"line":46,"column":22},"end":{"line":46,"column":45}},"17":{"start":{"line":48,"column":6},"end":{"line":48,"column":59}},"18":{"start":{"line":50,"column":6},"end":{"line":50,"column":77}},"19":{"start":{"line":52,"column":6},"end":{"line":52,"column":29}},"20":{"start":{"line":59,"column":2},"end":{"line":59,"column":60}},"21":{"start":{"line":71,"column":48},"end":{"line":71,"column":68}},"22":{"start":{"line":69,"column":14},"end":{"line":69,"column":27}},"23":{"start":{"line":71,"column":14},"end":{"line":71,"column":29}},"24":{"start":{"line":73,"column":14},"end":{"line":73,"column":33}},"25":{"start":{"line":76,"column":4},"end":{"line":76,"column":25}},"26":{"start":{"line":80,"column":4},"end":{"line":82,"column":6}},"27":{"start":{"line":66,"column":0},"end":{"line":66,"column":13}}},"fnMap":{"0":{"name":"walkObject","decl":{"start":{"line":13,"column":9},"end":{"line":13,"column":19}},"loc":{"start":{"line":18,"column":14},"end":{"line":60,"column":1}}},"1":{"name":"(anonymous_1)","decl":{"start":{"line":67,"column":2},"end":{"line":67,"column":null}},"loc":{"start":{"line":73,"column":36},"end":{"line":74,"column":6}}},"2":{"name":"(anonymous_2)","decl":{"start":{"line":71,"column":29},"end":{"line":71,"column":30}},"loc":{"start":{"line":71,"column":48},"end":{"line":71,"column":68}}},"3":{"name":"(anonymous_3)","decl":{"start":{"line":75,"column":2},"end":{"line":75,"column":6}},"loc":{"start":{"line":75,"column":10},"end":{"line":77,"column":3}}},"4":{"name":"(anonymous_4)","decl":{"start":{"line":79,"column":2},"end":{"line":79,"column":6}},"loc":{"start":{"line":79,"column":32},"end":{"line":83,"column":3}}}},"branchMap":{"0":{"loc":{"start":{"line":21,"column":2},"end":{"line":22,"column":65}},"type":"if","locations":[{"start":{"line":21,"column":2},"end":{"line":22,"column":65}},{"start":{"line":21,"column":2},"end":{"line":22,"column":65}}]},"1":{"loc":{"start":{"line":30,"column":2},"end":{"line":56,"column":null}},"type":"if","locations":[{"start":{"line":30,"column":2},"end":{"line":56,"column":null}},{"start":{"line":30,"column":2},"end":{"line":56,"column":null}}]},"2":{"loc":{"start":{"line":42,"column":9},"end":{"line":56,"column":null}},"type":"if","locations":[{"start":{"line":42,"column":9},"end":{"line":56,"column":null}},{"start":{"line":42,"column":9},"end":{"line":56,"column":null}}]},"3":{"loc":{"start":{"line":71,"column":29},"end":{"line":71,"column":68}},"type":"default-arg","locations":[{"start":{"line":71,"column":29},"end":{"line":71,"column":68}}]},"4":{"loc":{"start":{"line":73,"column":33},"end":{"line":73,"column":36}},"type":"default-arg","locations":[{"start":{"line":73,"column":33},"end":{"line":73,"column":36}}]}},"s":{"0":2,"1":101,"2":0,"3":101,"4":101,"5":101,"6":26,"7":26,"8":54,"9":54,"10":53,"11":52,"12":75,"13":20,"14":20,"15":40,"16":40,"17":40,"18":40,"19":40,"20":99,"21":89,"22":8,"23":8,"24":8,"25":14,"26":8,"27":2},"f":{"0":101,"1":8,"2":89,"3":14,"4":8},"b":{"0":[0,101],"1":[26,75],"2":[20,55],"3":[7],"4":[8]}}
}
