TN:
SF:src/util.ts
FN:6,isObject
FNF:1
FNH:1
FNDA:101,isObject
DA:6,2
DA:7,101
LF:2
LH:2
BRDA:8,0,0,101
BRDA:8,0,1,55
BRDA:8,0,2,46
BRDA:8,0,3,46
BRF:4
BRH:4
end_of_record
TN:
SF:src/attributes/arborglyph.ts
FN:29,(anonymous_0)
FN:42,(anonymous_1)
FN:58,(anonymous_2)
FN:76,(anonymous_3)
FN:86,(anonymous_4)
FN:90,(anonymous_5)
FN:94,(anonymous_6)
FN:97,(anonymous_7)
FN:98,(anonymous_8)
FN:110,(anonymous_9)
FN:134,(anonymous_10)
FN:140,(anonymous_11)
FNF:12
FNH:10
FNDA:15,(anonymous_0)
FNDA:4,(anonymous_1)
FNDA:1,(anonymous_2)
FNDA:4,(anonymous_3)
FNDA:3,(anonymous_4)
FNDA:19,(anonymous_5)
FNDA:1,(anonymous_6)
FNDA:1,(anonymous_7)
FNDA:0,(anonymous_8)
FNDA:0,(anonymous_9)
FNDA:9,(anonymous_10)
FNDA:9,(anonymous_11)
DA:3,1
DA:4,1
DA:9,1
DA:23,1
DA:30,15
DA:31,15
DA:43,4
DA:49,4
DA:59,1
DA:65,1
DA:77,4
DA:83,4
DA:87,3
DA:91,19
DA:95,1
DA:97,1
DA:99,0
DA:116,0
DA:117,0
DA:118,0
DA:119,0
DA:120,0
DA:139,9
DA:141,9
DA:145,9
LF:25
LH:19
BRDA:31,0,0,6
BRDA:42,1,0,4
BRDA:47,2,0,4
BRDA:47,2,1,4
BRDA:58,3,0,1
BRDA:63,4,0,1
BRDA:63,4,1,1
BRDA:76,5,0,2
BRDA:81,6,0,4
BRDA:81,6,1,2
BRDA:112,7,0,0
BRDA:113,8,0,0
BRDA:114,9,0,0
BRF:13
BRH:10
end_of_record
TN:
SF:src/attributes/derived.ts
FN:43,derivedAttribute
FN:50,(anonymous_1)
FNF:2
FNH:2
FNDA:1,derivedAttribute
FNDA:4,(anonymous_1)
DA:3,1
DA:43,1
DA:49,1
DA:51,4
DA:52,4
DA:55,1
LF:6
LH:6
BRF:0
BRH:0
end_of_record
TN:
SF:src/attributes/inherited.ts
FN:42,inheritedAttribute
FN:48,(anonymous_1)
FN:51,(anonymous_2)
FNF:3
FNH:3
FNDA:4,inheritedAttribute
FNDA:19,(anonymous_1)
FNDA:14,(anonymous_2)
DA:4,1
DA:42,1
DA:48,4
DA:49,19
DA:50,19
DA:51,19
DA:52,19
DA:54,4
LF:8
LH:8
BRF:0
BRH:0
end_of_record
TN:
SF:src/attributes/memoize.ts
FN:15,memoizeEvaluator
FN:20,(anonymous_1)
FN:26,(anonymous_2)
FN:27,(anonymous_3)
FNF:4
FNH:4
FNDA:9,memoizeEvaluator
FNDA:2,(anonymous_1)
FNDA:54,(anonymous_2)
FNDA:37,(anonymous_3)
DA:1,1
DA:15,1
DA:19,9
DA:20,1
DA:21,2
DA:23,1
DA:25,8
DA:26,8
DA:27,54
DA:29,8
LF:10
LH:10
BRDA:17,0,0,1
BRDA:19,1,0,1
BRDA:19,1,1,8
BRF:3
BRH:3
end_of_record
TN:
SF:src/attributes/synthetic.ts
FN:42,syntheticAttribute
FN:53,(anonymous_1)
FN:57,(anonymous_2)
FN:58,(anonymous_3)
FNF:4
FNH:4
FNDA:4,syntheticAttribute
FNDA:16,(anonymous_1)
FNDA:23,(anonymous_2)
FNDA:8,(anonymous_3)
DA:3,1
DA:42,1
DA:52,4
DA:53,4
DA:54,16
DA:55,16
DA:57,23
DA:58,16
DA:59,8
DA:60,8
DA:61,8
DA:63,16
DA:65,4
LF:13
LH:13
BRDA:60,0,0,0
BRDA:60,0,1,8
BRF:2
BRH:1
end_of_record
TN:
SF:src/maps/puremap.ts
FN:8,(anonymous_0)
FN:20,(anonymous_1)
FN:40,(anonymous_2)
FN:53,(anonymous_3)
FN:65,(anonymous_4)
FNF:5
FNH:5
FNDA:35,(anonymous_0)
FNDA:54,(anonymous_1)
FNDA:308,(anonymous_2)
FNDA:37,(anonymous_3)
FNDA:92,(anonymous_4)
DA:1,2
DA:7,2
DA:9,35
DA:21,54
DA:22,17
DA:29,17
DA:41,308
DA:42,1
DA:43,307
DA:54,37
DA:55,37
DA:66,92
DA:67,0
DA:69,92
DA:70,92
LF:15
LH:14
BRDA:21,0,0,37
BRDA:21,0,1,17
BRDA:41,1,0,1
BRDA:41,1,1,307
BRDA:66,2,0,0
BRDA:66,2,1,92
BRDA:67,3,0,0
BRDA:67,3,1,0
BRF:8
BRH:5
end_of_record
TN:
SF:src/maps/treemap.ts
FN:46,(anonymous_0)
FN:24,(anonymous_1)
FN:53,(anonymous_2)
FN:54,(anonymous_3)
FN:72,(anonymous_4)
FN:76,(anonymous_5)
FN:84,(anonymous_6)
FN:95,(anonymous_7)
FN:96,(anonymous_8)
FN:103,(anonymous_9)
FN:117,(anonymous_10)
FN:128,(anonymous_11)
FNF:12
FNH:9
FNDA:9,(anonymous_0)
FNDA:9,(anonymous_1)
FNDA:9,(anonymous_2)
FNDA:308,(anonymous_3)
FNDA:2,(anonymous_4)
FNDA:0,(anonymous_5)
FNDA:1,(anonymous_6)
FNDA:0,(anonymous_7)
FNDA:0,(anonymous_8)
FNDA:19,(anonymous_9)
FNDA:16,(anonymous_10)
FNDA:62,(anonymous_11)
DA:1,2
DA:2,2
DA:12,2
DA:25,9
DA:26,9
DA:27,8
DA:33,9
DA:37,9
DA:41,9
DA:46,9
DA:54,9
DA:55,308
DA:57,98
DA:58,97
DA:61,106
DA:62,106
DA:65,104
DA:66,104
DA:73,2
DA:77,0
DA:85,1
DA:86,1
DA:88,0
DA:96,0
DA:104,19
DA:105,14
DA:118,16
DA:129,62
LF:28
LH:25
BRDA:56,0,0,98
BRDA:56,0,1,106
BRDA:56,0,2,104
BRDA:86,1,0,1
BRDA:86,1,1,0
BRDA:104,2,0,5
BRDA:104,2,1,14
BRF:7
BRH:6
end_of_record
TN:
SF:src/visitors/generic.ts
FN:21,walkGeneric
FN:38,(anonymous_1)
FN:63,(anonymous_2)
FN:72,(anonymous_3)
FN:78,(anonymous_4)
FN:82,(anonymous_5)
FN:86,(anonymous_6)
FNF:7
FNH:7
FNDA:5,walkGeneric
FNDA:4,(anonymous_1)
FNDA:4,(anonymous_2)
FNDA:1,(anonymous_3)
FNDA:4,(anonymous_4)
FNDA:5,(anonymous_5)
FNDA:1,(anonymous_6)
DA:30,5
DA:31,0
DA:34,5
DA:37,5
DA:38,4
DA:46,5
DA:48,4
DA:50,4
DA:60,5
DA:63,4
DA:71,1
DA:74,1
DA:76,1
DA:78,4
DA:80,1
DA:83,5
DA:87,1
LF:17
LH:16
BRDA:30,0,0,0
BRDA:30,0,1,5
BRDA:78,1,0,1
BRDA:80,2,0,1
BRF:4
BRH:3
end_of_record
TN:
SF:src/visitors/object.ts
FN:13,walkObject
FN:67,(anonymous_1)
FN:71,(anonymous_2)
FN:75,(anonymous_3)
FN:79,(anonymous_4)
FNF:5
FNH:5
FNDA:101,walkObject
FNDA:8,(anonymous_1)
FNDA:89,(anonymous_2)
FNDA:14,(anonymous_3)
FNDA:8,(anonymous_4)
DA:1,2
DA:21,101
DA:22,0
DA:24,101
DA:27,101
DA:30,101
DA:32,26
DA:33,26
DA:34,54
DA:36,54
DA:38,53
DA:40,52
DA:42,75
DA:44,20
DA:45,40
DA:46,40
DA:48,40
DA:50,40
DA:52,40
DA:59,99
DA:66,2
DA:69,8
DA:71,89
DA:73,8
DA:76,14
DA:80,8
LF:26
LH:25
BRDA:21,0,0,0
BRDA:21,0,1,101
BRDA:30,1,0,26
BRDA:30,1,1,75
BRDA:42,2,0,20
BRDA:42,2,1,55
BRDA:71,3,0,7
BRDA:73,4,0,8
BRF:8
BRH:7
end_of_record
